<?xml version="1.0" encoding="UTF-8"?>
<robot generator="Robot 7.3.2 (Python 3.13.5 on win32)" generated="2025-07-16T20:47:49.920874" rpa="false" schemaversion="5">
<suite id="s1" name="Tests" source="C:\Users\cauzin\saucedemo-robot-panda\tests">
<suite id="s1-s1" name="Add To Cart" source="C:\Users\cauzin\saucedemo-robot-panda\tests\add_to_cart.robot">
<test id="s1-s1-t1" name="Adicionar Item Ao Carrinho" line="11">
<kw name="Open Browser" owner="SeleniumLibrary">
<msg time="2025-07-16T20:47:50.575880" level="INFO">Opening browser 'Chrome' to base url 'https://www.saucedemo.com/'.</msg>
<arg>${URL}</arg>
<arg>${BROWSER}</arg>
<doc>Opens a new browser instance to the optional ``url``.</doc>
<status status="PASS" start="2025-07-16T20:47:50.574370" elapsed="5.946320"/>
</kw>
<kw name="Input Text" owner="SeleniumLibrary">
<msg time="2025-07-16T20:47:56.523332" level="INFO">Typing text 'standard_user' into text field 'id:user-name'.</msg>
<arg>id:user-name</arg>
<arg>${USERNAME}</arg>
<doc>Types the given ``text`` into the text field identified by ``locator``.</doc>
<status status="PASS" start="2025-07-16T20:47:56.522395" elapsed="0.502675"/>
</kw>
<kw name="Input Text" owner="SeleniumLibrary">
<msg time="2025-07-16T20:47:57.025617" level="INFO">Typing text 'secret_sauce' into text field 'id:password'.</msg>
<arg>id:password</arg>
<arg>${PASSWORD}</arg>
<doc>Types the given ``text`` into the text field identified by ``locator``.</doc>
<status status="PASS" start="2025-07-16T20:47:57.025367" elapsed="0.109676"/>
</kw>
<kw name="Click Button" owner="SeleniumLibrary">
<msg time="2025-07-16T20:47:57.135686" level="INFO">Clicking button 'id:login-button'.</msg>
<arg>id:login-button</arg>
<doc>Clicks the button identified by ``locator``.</doc>
<status status="PASS" start="2025-07-16T20:47:57.135417" elapsed="0.272034"/>
</kw>
<kw name="Click Button" owner="SeleniumLibrary">
<msg time="2025-07-16T20:47:57.408571" level="INFO">Clicking button 'id:add-to-cart-sauce-labs-backpack'.</msg>
<arg>id:add-to-cart-sauce-labs-backpack</arg>
<doc>Clicks the button identified by ``locator``.</doc>
<status status="PASS" start="2025-07-16T20:47:57.408169" elapsed="0.121375"/>
</kw>
<kw name="Click Link" owner="SeleniumLibrary">
<msg time="2025-07-16T20:47:57.530496" level="INFO">Clicking link 'class:shopping_cart_link'.</msg>
<arg>class:shopping_cart_link</arg>
<doc>Clicks a link identified by ``locator``.</doc>
<status status="PASS" start="2025-07-16T20:47:57.530046" elapsed="0.124780"/>
</kw>
<kw name="Page Should Contain Element" owner="SeleniumLibrary">
<msg time="2025-07-16T20:47:57.737452" level="INFO">Current page contains element 'xpath://div[@class='inventory_item_name' and contains(text(), 'Backpack')]'.</msg>
<arg>xpath://div[@class='inventory_item_name' and contains(text(), 'Backpack')]</arg>
<doc>Verifies that element ``locator`` is found on the current page.</doc>
<status status="PASS" start="2025-07-16T20:47:57.655260" elapsed="0.082278"/>
</kw>
<kw name="Close Browser" owner="SeleniumLibrary">
<doc>Closes the current browser.</doc>
<status status="PASS" start="2025-07-16T20:47:57.737792" elapsed="2.530763"/>
</kw>
<status status="PASS" start="2025-07-16T20:47:50.573323" elapsed="9.696691"/>
</test>
<status status="PASS" start="2025-07-16T20:47:49.956595" elapsed="10.315329"/>
</suite>
<suite id="s1-s2" name="Checkout" source="C:\Users\cauzin\saucedemo-robot-panda\tests\checkout.robot">
<test id="s1-s2-t1" name="Finalizar Compra Com Sucesso" line="20">
<kw name="Open Browser" owner="SeleniumLibrary">
<msg time="2025-07-16T20:48:00.279268" level="INFO">Opening browser 'Chrome' to base url 'https://www.saucedemo.com/'.</msg>
<arg>${URL}</arg>
<arg>${BROWSER}</arg>
<doc>Opens a new browser instance to the optional ``url``.</doc>
<status status="PASS" start="2025-07-16T20:48:00.279017" elapsed="2.654396"/>
</kw>
<kw name="Input Text" owner="SeleniumLibrary">
<msg time="2025-07-16T20:48:02.934190" level="INFO">Typing text 'standard_user' into text field 'id:user-name'.</msg>
<arg>id:user-name</arg>
<arg>${USERNAME}</arg>
<doc>Types the given ``text`` into the text field identified by ``locator``.</doc>
<status status="PASS" start="2025-07-16T20:48:02.933911" elapsed="0.189043"/>
</kw>
<kw name="Input Text" owner="SeleniumLibrary">
<msg time="2025-07-16T20:48:03.123773" level="INFO">Typing text 'secret_sauce' into text field 'id:password'.</msg>
<arg>id:password</arg>
<arg>${PASSWORD}</arg>
<doc>Types the given ``text`` into the text field identified by ``locator``.</doc>
<status status="PASS" start="2025-07-16T20:48:03.123441" elapsed="0.182007"/>
</kw>
<kw name="Click Button" owner="SeleniumLibrary">
<msg time="2025-07-16T20:48:03.307112" level="INFO">Clicking button 'id:login-button'.</msg>
<arg>id:login-button</arg>
<doc>Clicks the button identified by ``locator``.</doc>
<status status="PASS" start="2025-07-16T20:48:03.306637" elapsed="0.154701"/>
</kw>
<kw name="Click Button" owner="SeleniumLibrary">
<msg time="2025-07-16T20:48:03.462309" level="INFO">Clicking button 'id:add-to-cart-sauce-labs-backpack'.</msg>
<arg>id:add-to-cart-sauce-labs-backpack</arg>
<doc>Clicks the button identified by ``locator``.</doc>
<status status="PASS" start="2025-07-16T20:48:03.461866" elapsed="0.104768"/>
</kw>
<kw name="Click Link" owner="SeleniumLibrary">
<msg time="2025-07-16T20:48:03.567330" level="INFO">Clicking link 'class:shopping_cart_link'.</msg>
<arg>class:shopping_cart_link</arg>
<doc>Clicks a link identified by ``locator``.</doc>
<status status="PASS" start="2025-07-16T20:48:03.567029" elapsed="0.117827"/>
</kw>
<kw name="Click Button" owner="SeleniumLibrary">
<msg time="2025-07-16T20:48:03.685426" level="INFO">Clicking button 'id:checkout'.</msg>
<arg>id:checkout</arg>
<doc>Clicks the button identified by ``locator``.</doc>
<status status="PASS" start="2025-07-16T20:48:03.685185" elapsed="0.124128"/>
</kw>
<kw name="Wait Until Element Is Visible" owner="SeleniumLibrary">
<arg>id:first-name</arg>
<arg>timeout=5s</arg>
<doc>Waits until the element ``locator`` is visible.</doc>
<status status="PASS" start="2025-07-16T20:48:03.809806" elapsed="0.028415"/>
</kw>
<kw name="Input Text" owner="SeleniumLibrary">
<msg time="2025-07-16T20:48:03.838783" level="INFO">Typing text 'João' into text field 'id:first-name'.</msg>
<arg>id:first-name</arg>
<arg>João</arg>
<doc>Types the given ``text`` into the text field identified by ``locator``.</doc>
<status status="PASS" start="2025-07-16T20:48:03.838563" elapsed="0.084907"/>
</kw>
<kw name="Input Text" owner="SeleniumLibrary">
<msg time="2025-07-16T20:48:03.924273" level="INFO">Typing text 'QA' into text field 'id:last-name'.</msg>
<arg>id:last-name</arg>
<arg>QA</arg>
<doc>Types the given ``text`` into the text field identified by ``locator``.</doc>
<status status="PASS" start="2025-07-16T20:48:03.924022" elapsed="0.077519"/>
</kw>
<kw name="Input Text" owner="SeleniumLibrary">
<msg time="2025-07-16T20:48:04.001993" level="INFO">Typing text '12345' into text field 'id:postal-code'.</msg>
<arg>id:postal-code</arg>
<arg>12345</arg>
<doc>Types the given ``text`` into the text field identified by ``locator``.</doc>
<status status="PASS" start="2025-07-16T20:48:04.001800" elapsed="0.088752"/>
</kw>
<kw name="Click Button" owner="SeleniumLibrary">
<msg time="2025-07-16T20:48:04.091166" level="INFO">Clicking button 'id:continue'.</msg>
<arg>id:continue</arg>
<doc>Clicks the button identified by ``locator``.</doc>
<status status="PASS" start="2025-07-16T20:48:04.090862" elapsed="0.093126"/>
</kw>
<kw name="Wait Until Element Is Visible" owner="SeleniumLibrary">
<arg>id:finish</arg>
<arg>timeout=5s</arg>
<doc>Waits until the element ``locator`` is visible.</doc>
<status status="PASS" start="2025-07-16T20:48:04.184306" elapsed="0.022352"/>
</kw>
<kw name="Scroll Element Into View" owner="SeleniumLibrary">
<arg>id:finish</arg>
<doc>Scrolls the element identified by ``locator`` into view.</doc>
<status status="PASS" start="2025-07-16T20:48:04.206966" elapsed="0.297620"/>
</kw>
<kw name="Click Button" owner="SeleniumLibrary">
<msg time="2025-07-16T20:48:04.505292" level="INFO">Clicking button 'id:finish'.</msg>
<arg>id:finish</arg>
<doc>Clicks the button identified by ``locator``.</doc>
<status status="PASS" start="2025-07-16T20:48:04.504877" elapsed="0.068417"/>
</kw>
<kw name="Page Should Contain" owner="SeleniumLibrary">
<msg time="2025-07-16T20:48:04.586764" level="INFO">Current page contains text 'Thank you for your order!'.</msg>
<arg>Thank you for your order!</arg>
<doc>Verifies that current page contains ``text``.</doc>
<status status="PASS" start="2025-07-16T20:48:04.573615" elapsed="0.013252"/>
</kw>
<kw name="Close Browser" owner="SeleniumLibrary">
<doc>Closes the current browser.</doc>
<status status="PASS" start="2025-07-16T20:48:04.587191" elapsed="2.397558"/>
</kw>
<status status="PASS" start="2025-07-16T20:48:00.278442" elapsed="6.706810"/>
</test>
<status status="PASS" start="2025-07-16T20:48:00.274818" elapsed="6.711009"/>
</suite>
<suite id="s1-s3" name="Login" source="C:\Users\cauzin\saucedemo-robot-panda\tests\login.robot">
<test id="s1-s3-t1" name="Login Com Sucesso" line="11">
<kw name="Open Browser" owner="SeleniumLibrary">
<msg time="2025-07-16T20:48:06.990094" level="INFO">Opening browser 'Chrome' to base url 'https://www.saucedemo.com/'.</msg>
<arg>${URL}</arg>
<arg>${BROWSER}</arg>
<doc>Opens a new browser instance to the optional ``url``.</doc>
<status status="PASS" start="2025-07-16T20:48:06.989817" elapsed="2.147688"/>
</kw>
<kw name="Input Text" owner="SeleniumLibrary">
<msg time="2025-07-16T20:48:09.138259" level="INFO">Typing text 'standard_user' into text field 'id:user-name'.</msg>
<arg>id:user-name</arg>
<arg>${USERNAME}</arg>
<doc>Types the given ``text`` into the text field identified by ``locator``.</doc>
<status status="PASS" start="2025-07-16T20:48:09.137929" elapsed="0.184951"/>
</kw>
<kw name="Input Text" owner="SeleniumLibrary">
<msg time="2025-07-16T20:48:09.323940" level="INFO">Typing text 'secret_sauce' into text field 'id:password'.</msg>
<arg>id:password</arg>
<arg>${PASSWORD}</arg>
<doc>Types the given ``text`` into the text field identified by ``locator``.</doc>
<status status="PASS" start="2025-07-16T20:48:09.323493" elapsed="0.164192"/>
</kw>
<kw name="Click Button" owner="SeleniumLibrary">
<msg time="2025-07-16T20:48:09.488303" level="INFO">Clicking button 'id:login-button'.</msg>
<arg>id:login-button</arg>
<doc>Clicks the button identified by ``locator``.</doc>
<status status="PASS" start="2025-07-16T20:48:09.488068" elapsed="0.138477"/>
</kw>
<kw name="Page Should Contain Element" owner="SeleniumLibrary">
<msg time="2025-07-16T20:48:09.641281" level="INFO">Current page contains element 'class:inventory_list'.</msg>
<arg>class:inventory_list</arg>
<doc>Verifies that element ``locator`` is found on the current page.</doc>
<status status="PASS" start="2025-07-16T20:48:09.627027" elapsed="0.014341"/>
</kw>
<kw name="Close Browser" owner="SeleniumLibrary">
<doc>Closes the current browser.</doc>
<status status="PASS" start="2025-07-16T20:48:09.641615" elapsed="2.338852"/>
</kw>
<status status="PASS" start="2025-07-16T20:48:06.989370" elapsed="4.991444"/>
</test>
<status status="PASS" start="2025-07-16T20:48:06.986592" elapsed="4.994772"/>
</suite>
<status status="PASS" start="2025-07-16T20:47:49.922752" elapsed="22.059465"/>
</suite>
<statistics>
<total>
<stat pass="3" fail="0" skip="0">All Tests</stat>
</total>
<tag>
</tag>
<suite>
<stat name="Tests" id="s1" pass="3" fail="0" skip="0">Tests</stat>
<stat name="Add To Cart" id="s1-s1" pass="1" fail="0" skip="0">Tests.Add To Cart</stat>
<stat name="Checkout" id="s1-s2" pass="1" fail="0" skip="0">Tests.Checkout</stat>
<stat name="Login" id="s1-s3" pass="1" fail="0" skip="0">Tests.Login</stat>
</suite>
</statistics>
<errors>
</errors>
</robot>
